<?xml version="1.0" encoding="UTF-8"?>
<!-- Generated by org.testng.reporters.JUnitReportReporter -->
<testsuite hostname="LAPTOP-SAHP40V1" failures="0" tests="1" name="package1.sumValidation" time="3.394" errors="0" timestamp="11 May 2024 05:16:47 GMT">
  <testcase classname="package1.sumValidation" name="validateallPrice" time="3.394"/>
</testsuite> <!-- package1.sumValidation -->
