<?xml version="1.0" encoding="UTF-8"?>
<!-- Generated by org.testng.reporters.JUnitReportReporter -->
<testsuite hostname="LAPTOP-SAHP40V1" failures="0" tests="1" name="package1.authApi" time="7.126" errors="0" timestamp="13 Jun 2024 03:33:19 GMT">
  <testcase classname="package1.authApi" name="getjavaObject" time="7.126"/>
</testsuite> <!-- package1.authApi -->
